#
# A fatal error has been detected by the Java Runtime Environment:
#
#  SIGSEGV (0xb) at pc=0x00007f30050699fa, pid=12628, tid=0x00007f2fe9f73700
#
# JRE version: OpenJDK Runtime Environment (8.0_171-b11) (build 1.8.0_171-8u171-b11-0ubuntu0.16.04.1-b11)
# Java VM: OpenJDK 64-Bit Server VM (25.171-b11 mixed mode linux-amd64 compressed oops)
# Problematic frame:
# v  ~BufferBlob::jni_fast_GetLongField
#
# Failed to write core dump. Core dumps have been disabled. To enable core dumping, try "ulimit -c unlimited" before starting Java again
#
# If you would like to submit a bug report, please visit:
#   http://bugreport.java.com/bugreport/crash.jsp
# The crash happened outside the Java Virtual Machine in native code.
# See problematic frame for where to report the bug.
#

---------------  T H R E A D  ---------------

Current thread (0x00007f3014364000):  JavaThread "AWT-XAWT" daemon [_thread_in_native, id=12644, stack(0x00007f2fe9e73000,0x00007f2fe9f74000)]

siginfo: si_signo: 11 (SIGSEGV), si_code: 1 (SEGV_MAPERR), si_addr: 0x0000000000000000

Registers:
RAX=0x00007f301dc12040, RBX=0x00007f30143641e0, RCX=0x0000000000000000, RDX=0x0000000000000042
RSP=0x00007f2fe9f72838, RBP=0x00007f2fe9f72860, RSI=0x0000000000000000, RDI=0x00007f30143641e0
R8 =0x0000000084c8cc68, R9 =0x0000000000000000, R10=0x0000000000000224, R11=0x00007f3005b61858
R12=0x00007f2fb0025b70, R13=0x0000000000000000, R14=0x00007f2feb627b00, R15=0x00007f3014364000
RIP=0x00007f30050699fa, EFLAGS=0x0000000000010246, CSGSFS=0x0000000000000033, ERR=0x0000000000000004
  TRAPNO=0x000000000000000e

Top of Stack: (sp=0x00007f2fe9f72838)
0x00007f2fe9f72838:   00007f2feb405094 00007f30188b98e0
0x00007f2fe9f72848:   00007f2fb0025b70 00007f2fe9f72910
0x00007f2fe9f72858:   00007f2fe9f728e0 0000000000000000
0x00007f2fe9f72868:   00007f301bf913c0 00007f30188b98e0
0x00007f2fe9f72878:   00007f2fe9f728a0 0000000000000000
0x00007f2fe9f72888:   00007f301bf88f93 00007f2fe9f72910
0x00007f2fe9f72898:   00007f2feb3fce0f 00007f2fe9f728f0
0x00007f2fe9f728a8:   00007f3005b618f6 0000000000000000
0x00007f2fe9f728b8:   00007f3005381476 00007f2fe9f72910
0x00007f2fe9f728c8:   00007f30051228ac 00007f2fe9f72970
0x00007f2fe9f728d8:   0000000084c8c3c8 00000000844019c0
0x00007f2fe9f728e8:   0000000000000011 00007f2fe9f72970
0x00007f2fe9f728f8:   00007f30050077d0 00007f2fe9f72970
0x00007f2fe9f72908:   00007f30050077d0 0000000000000000
0x00007f2fe9f72918:   00007f3005007b10 00007f2fb8000e30
0x00007f2fe9f72928:   0000000084c8bab8 00007f2fe9f72930
0x00007f2fe9f72938:   00007f3018899a3c 00007f2fe9f729b8
0x00007f2fe9f72948:   00007f30188a2a70 0000000000000000
0x00007f2fe9f72958:   00007f3018899b78 00007f2fe9f72910
0x00007f2fe9f72968:   00007f2fe9f729b0 00007f2fe9f72a00
0x00007f2fe9f72978:   00007f3005007ffd 0000000000000000
0x00007f2fe9f72988:   000000008495acd0 0000000000000000
0x00007f2fe9f72998:   0000000000000000 0000000000000000
0x00007f2fe9f729a8:   0000000084c8bab8 0000000000000000
0x00007f2fe9f729b8:   0000000084bcfa00 00007f2fe9f729c0
0x00007f2fe9f729c8:   00007f301889987d 00007f2fe9f72a10
0x00007f2fe9f729d8:   00007f30188a2a70 0000000000000000
0x00007f2fe9f729e8:   00007f3018899888 00007f2fe9f729b0
0x00007f2fe9f729f8:   00007f2fe9f72a10 00007f2fe9f72a58
0x00007f2fe9f72a08:   00007f3005008042 0000000084bcfa00
0x00007f2fe9f72a18:   00007f2fe9f72a18 00007f301831853b
0x00007f2fe9f72a28:   00007f2fe9f72a68 00007f301839ff88 

Instructions: (pc=0x00007f30050699fa)
0x00007f30050699da:   00 00 00 00 00 00 44 8b 15 4d 52 bd 18 4c 8b ce
0x00007f30050699ea:   41 f6 c2 01 0f 85 2e 00 00 00 4d 33 ca 4d 33 ca
0x00007f30050699fa:   4d 8b 09 4c 8b da 49 c1 eb 02 4b 8b 04 19 49 bb
0x00007f3005069a0a:   34 ec c3 1d 30 7f 00 00 4c 33 d8 4c 33 d8 45 3b 

Register to memory mapping:

RAX=0x00007f301dc12040: <offset 0xefc040> in /usr/lib/jvm/java-8-openjdk-amd64/jre/lib/amd64/server/libjvm.so at 0x00007f301cd16000
RBX=0x00007f30143641e0 is an unknown value
RCX=0x0000000000000000 is an unknown value
RDX=0x0000000000000042 is an unknown value
RSP=0x00007f2fe9f72838 is pointing into the stack for thread: 0x00007f3014364000
RBP=0x00007f2fe9f72860 is pointing into the stack for thread: 0x00007f3014364000
RSI=0x0000000000000000 is an unknown value
RDI=0x00007f30143641e0 is an unknown value
R8 =0x0000000084c8cc68 is an oop
java.util.logging.Logger 
 - klass: 'java/util/logging/Logger'
R9 =0x0000000000000000 is an unknown value
R10=0x0000000000000224 is an unknown value
R11=0x00007f3005b61858 is at entry_point+24 in (nmethod*)0x00007f3005b616d0

[error occurred during error reporting (printing register info), id 0xb]

Stack: [0x00007f2fe9e73000,0x00007f2fe9f74000],  sp=0x00007f2fe9f72838,  free space=1022k
Native frames: (J=compiled Java code, j=interpreted, Vv=VM code, C=native code)
v  ~BufferBlob::jni_fast_GetLongField
C  [libX11.so.6+0x643c0]  _XimServerDestroy+0x70

Java frames: (J=compiled Java code, j=interpreted, Vv=VM code)
J 4166  sun.awt.X11.XlibWrapper.XFilterEvent(JJ)Z (0 bytes) @ 0x00007f3005b61884 [0x00007f3005b61840+0x44]
j  sun.awt.X11.XToolkit.run(Z)V+300
j  sun.awt.X11.XToolkit.run()V+5
j  java.lang.Thread.run()V+11
v  ~StubRoutines::call_stub

---------------  P R O C E S S  ---------------

Java Threads: ( => current thread )
  0x00007f2fd8004000 JavaThread "SIGHUP handler" daemon [_thread_blocked, id=13798, stack(0x00007f2f8fa17000,0x00007f2f8fb18000)]
  0x00007f2fd8003000 JavaThread "SIGHUP handler" daemon [_thread_blocked, id=13797, stack(0x00007f2fc4adc000,0x00007f2fc4bdd000)]
  0x00007f2fd8002000 JavaThread "SIGTERM handler" daemon [_thread_blocked, id=13780, stack(0x00007f2fe8c6f000,0x00007f2fe8d70000)]
  0x00007f2fd8001000 JavaThread "SIGHUP handler" daemon [_thread_blocked, id=13779, stack(0x00007f2fe85f6000,0x00007f2fe86f7000)]
  0x00007f2f9c02d000 JavaThread "process reaper" daemon [_thread_in_native, id=12668, stack(0x00007f30040a5000,0x00007f30040de000)]
  0x00007f2fb0067000 JavaThread "Thread-8" [_thread_in_native, id=12664, stack(0x00007f2fc49db000,0x00007f2fc4adc000)]
  0x00007f301400a800 JavaThread "DestroyJavaVM" [_thread_blocked, id=12629, stack(0x00007f301e967000,0x00007f301ea68000)]
  0x00007f30148cc000 JavaThread "pool-1-thread-2" [_thread_blocked, id=12659, stack(0x00007f2fc46d8000,0x00007f2fc47d9000)]
  0x00007f30147b1000 JavaThread "pool-1-thread-1" [_thread_blocked, id=12658, stack(0x00007f2fc48da000,0x00007f2fc49db000)]
  0x00007f2fa8004000 JavaThread "TimerQueue" daemon [_thread_blocked, id=12649, stack(0x00007f2fe89cb000,0x00007f2fe8acc000)]
  0x00007f30145b0000 JavaThread "ATL-Logging-Thread" [_thread_blocked, id=12648, stack(0x00007f2fe8acc000,0x00007f2fe8bcd000)]
  0x00007f30143db800 JavaThread "AWT-EventQueue-0" [_thread_blocked, id=12646, stack(0x00007f2fe9a71000,0x00007f2fe9b72000)]
  0x00007f30143da000 JavaThread "AWT-Shutdown" [_thread_blocked, id=12645, stack(0x00007f2fe9b72000,0x00007f2fe9c73000)]
=>0x00007f3014364000 JavaThread "AWT-XAWT" daemon [_thread_in_native, id=12644, stack(0x00007f2fe9e73000,0x00007f2fe9f74000)]
  0x00007f30142e3000 JavaThread "Java2D Disposer" daemon [_thread_blocked, id=12643, stack(0x00007f2fea883000,0x00007f2fea984000)]
  0x00007f3014198800 JavaThread "Service Thread" daemon [_thread_blocked, id=12641, stack(0x00007f2feb9fa000,0x00007f2febafb000)]
  0x00007f3014183800 JavaThread "C1 CompilerThread2" daemon [_thread_blocked, id=12640, stack(0x00007f2febafb000,0x00007f2febbfc000)]
  0x00007f3014181800 JavaThread "C2 CompilerThread1" daemon [_thread_blocked, id=12639, stack(0x00007f2febbfc000,0x00007f2febcfd000)]
  0x00007f301417e800 JavaThread "C2 CompilerThread0" daemon [_thread_blocked, id=12638, stack(0x00007f2febcfd000,0x00007f2febdfe000)]
  0x00007f301417d000 JavaThread "Signal Dispatcher" daemon [_thread_blocked, id=12637, stack(0x00007f2febdfe000,0x00007f2febeff000)]
  0x00007f301414b800 JavaThread "Finalizer" daemon [_thread_blocked, id=12636, stack(0x00007f2febeff000,0x00007f2fec000000)]
  0x00007f3014146800 JavaThread "Reference Handler" daemon [_thread_blocked, id=12635, stack(0x00007f2ff401e000,0x00007f2ff411f000)]

Other Threads:
  0x00007f301413f000 VMThread [stack: 0x00007f2ff411f000,0x00007f2ff4220000] [id=12634]

VM state:at safepoint (shutting down)

VM Mutex/Monitor currently owned by a thread:  ([mutex/lock_event])
[0x00007f3014006ca0] Threads_lock - owner thread: 0x00007f301413f000

Heap:
 PSYoungGen      total 104960K, used 37318K [0x00000000d6c00000, 0x00000000de900000, 0x0000000100000000)
  eden space 91136K, 26% used [0x00000000d6c00000,0x00000000d83559d8,0x00000000dc500000)
  from space 13824K, 97% used [0x00000000dc780000,0x00000000dd49bea8,0x00000000dd500000)
  to   space 18432K, 0% used [0x00000000dd700000,0x00000000dd700000,0x00000000de900000)
 ParOldGen       total 69632K, used 48337K [0x0000000084400000, 0x0000000088800000, 0x00000000d6c00000)
  object space 69632K, 69% used [0x0000000084400000,0x00000000873345f0,0x0000000088800000)
 Metaspace       used 28624K, capacity 29018K, committed 29440K, reserved 1075200K
  class space    used 3375K, capacity 3494K, committed 3584K, reserved 1048576K

Card table byte_map: [0x00007f3019560000,0x00007f301993f000] byte_map_base: 0x00007f301913e000

Marking Bits: (ParMarkBitMap*) 0x00007f301dc3e320
 Begin Bits: [0x00007f2ff4220000, 0x00007f2ff6110000)
 End Bits:   [0x00007f2ff6110000, 0x00007f2ff8000000)

Polling page: 0x00007f301ea8b000

CodeCache: size=245760Kb used=16580Kb max_used=17035Kb free=229180Kb
 bounds [0x00007f3005000000, 0x00007f3006100000, 0x00007f3014000000]
 total_blobs=5648 nmethods=4931 adapters=626
 compilation: enabled

Compilation events (10 events):
Event: 2249.314 Thread 0x00007f3014183800 6241       3       sun.awt.XSettings$Update::needBytes (65 bytes)
Event: 2249.315 Thread 0x00007f3014183800 nmethod 6241 0x00007f3005e6aa90 code [0x00007f3005e6acc0, 0x00007f3005e6b958]
Event: 2253.756 Thread 0x00007f3014183800 6242       1       java.util.concurrent.CopyOnWriteArrayList::getArray (5 bytes)
Event: 2253.756 Thread 0x00007f3014183800 nmethod 6242 0x00007f3005bedad0 code [0x00007f3005bedc20, 0x00007f3005bedd30]
Event: 2253.756 Thread 0x00007f3014183800 6243       3       java.util.logging.LogManager::checkPermission (17 bytes)
Event: 2253.756 Thread 0x00007f3014183800 nmethod 6243 0x00007f3005ac17d0 code [0x00007f3005ac1960, 0x00007f3005ac1c68]
Event: 2253.756 Thread 0x00007f3014183800 6244       3       java.util.logging.Logger::updateEffectiveLevel (115 bytes)
Event: 2253.757 Thread 0x00007f3014183800 nmethod 6244 0x00007f30059ed890 code [0x00007f30059eda80, 0x00007f30059ee608]
Event: 2253.757 Thread 0x00007f3014183800 6245       3       java.util.logging.LogManager$LoggerContext::ensureInitialized (24 bytes)
Event: 2253.757 Thread 0x00007f3014183800 nmethod 6245 0x00007f300540a3d0 code [0x00007f300540a5a0, 0x00007f300540adc8]

GC Heap History (10 events):
Event: 2056.548 GC heap before
{Heap before GC invocations=30 (full 1):
 PSYoungGen      total 107008K, used 95969K [0x00000000d6c00000, 0x00000000de780000, 0x0000000100000000)
  eden space 90624K, 100% used [0x00000000d6c00000,0x00000000dc480000,0x00000000dc480000)
  from space 16384K, 32% used [0x00000000dd780000,0x00000000ddcb8470,0x00000000de780000)
  to   space 17920K, 0% used [0x00000000dc480000,0x00000000dc480000,0x00000000dd600000)
 ParOldGen       total 69632K, used 48337K [0x0000000084400000, 0x0000000088800000, 0x00000000d6c00000)
  object space 69632K, 69% used [0x0000000084400000,0x00000000873345f0,0x0000000088800000)
 Metaspace       used 28586K, capacity 28954K, committed 29184K, reserved 1075200K
  class space    used 3368K, capacity 3494K, committed 3584K, reserved 1048576K
Event: 2056.565 GC heap after
Heap after GC invocations=30 (full 1):
 PSYoungGen      total 108544K, used 6536K [0x00000000d6c00000, 0x00000000df180000, 0x0000000100000000)
  eden space 90624K, 0% used [0x00000000d6c00000,0x00000000d6c00000,0x00000000dc480000)
  from space 17920K, 36% used [0x00000000dc480000,0x00000000dcae23e8,0x00000000dd600000)
  to   space 17920K, 0% used [0x00000000de000000,0x00000000de000000,0x00000000df180000)
 ParOldGen       total 69632K, used 48337K [0x0000000084400000, 0x0000000088800000, 0x00000000d6c00000)
  object space 69632K, 69% used [0x0000000084400000,0x00000000873345f0,0x0000000088800000)
 Metaspace       used 28586K, capacity 28954K, committed 29184K, reserved 1075200K
  class space    used 3368K, capacity 3494K, committed 3584K, reserved 1048576K
}
Event: 2068.995 GC heap before
{Heap before GC invocations=31 (full 1):
 PSYoungGen      total 108544K, used 97160K [0x00000000d6c00000, 0x00000000df180000, 0x0000000100000000)
  eden space 90624K, 100% used [0x00000000d6c00000,0x00000000dc480000,0x00000000dc480000)
  from space 17920K, 36% used [0x00000000dc480000,0x00000000dcae23e8,0x00000000dd600000)
  to   space 17920K, 0% used [0x00000000de000000,0x00000000de000000,0x00000000df180000)
 ParOldGen       total 69632K, used 48337K [0x0000000084400000, 0x0000000088800000, 0x00000000d6c00000)
  object space 69632K, 69% used [0x0000000084400000,0x00000000873345f0,0x0000000088800000)
 Metaspace       used 28586K, capacity 28954K, committed 29184K, reserved 1075200K
  class space    used 3368K, capacity 3494K, committed 3584K, reserved 1048576K
Event: 2069.031 GC heap after
Heap after GC invocations=31 (full 1):
 PSYoungGen      total 115712K, used 7584K [0x00000000d6c00000, 0x00000000def80000, 0x0000000100000000)
  eden space 99840K, 0% used [0x00000000d6c00000,0x00000000d6c00000,0x00000000dcd80000)
  from space 15872K, 47% used [0x00000000de000000,0x00000000de768308,0x00000000def80000)
  to   space 17408K, 0% used [0x00000000dcd80000,0x00000000dcd80000,0x00000000dde80000)
 ParOldGen       total 69632K, used 48337K [0x0000000084400000, 0x0000000088800000, 0x00000000d6c00000)
  object space 69632K, 69% used [0x0000000084400000,0x00000000873345f0,0x0000000088800000)
 Metaspace       used 28586K, capacity 28954K, committed 29184K, reserved 1075200K
  class space    used 3368K, capacity 3494K, committed 3584K, reserved 1048576K
}
Event: 2074.704 GC heap before
{Heap before GC invocations=32 (full 1):
 PSYoungGen      total 115712K, used 107424K [0x00000000d6c00000, 0x00000000def80000, 0x0000000100000000)
  eden space 99840K, 100% used [0x00000000d6c00000,0x00000000dcd80000,0x00000000dcd80000)
  from space 15872K, 47% used [0x00000000de000000,0x00000000de768308,0x00000000def80000)
  to   space 17408K, 0% used [0x00000000dcd80000,0x00000000dcd80000,0x00000000dde80000)
 ParOldGen       total 69632K, used 48337K [0x0000000084400000, 0x0000000088800000, 0x00000000d6c00000)
  object space 69632K, 69% used [0x0000000084400000,0x00000000873345f0,0x0000000088800000)
 Metaspace       used 28586K, capacity 28954K, committed 29184K, reserved 1075200K
  class space    used 3368K, capacity 3494K, committed 3584K, reserved 1048576K
Event: 2074.724 GC heap after
Heap after GC invocations=32 (full 1):
 PSYoungGen      total 109056K, used 11842K [0x00000000d6c00000, 0x00000000dec80000, 0x0000000100000000)
  eden space 96768K, 0% used [0x00000000d6c00000,0x00000000d6c00000,0x00000000dca80000)
  from space 12288K, 96% used [0x00000000dcd80000,0x00000000dd9108a0,0x00000000dd980000)
  to   space 17408K, 0% used [0x00000000ddb80000,0x00000000ddb80000,0x00000000dec80000)
 ParOldGen       total 69632K, used 48337K [0x0000000084400000, 0x0000000088800000, 0x00000000d6c00000)
  object space 69632K, 69% used [0x0000000084400000,0x00000000873345f0,0x0000000088800000)
 Metaspace       used 28586K, capacity 28954K, committed 29184K, reserved 1075200K
  class space    used 3368K, capacity 3494K, committed 3584K, reserved 1048576K
}
Event: 2159.795 GC heap before
{Heap before GC invocations=33 (full 1):
 PSYoungGen      total 109056K, used 108610K [0x00000000d6c00000, 0x00000000dec80000, 0x0000000100000000)
  eden space 96768K, 100% used [0x00000000d6c00000,0x00000000dca80000,0x00000000dca80000)
  from space 12288K, 96% used [0x00000000dcd80000,0x00000000dd9108a0,0x00000000dd980000)
  to   space 17408K, 0% used [0x00000000ddb80000,0x00000000ddb80000,0x00000000dec80000)
 ParOldGen       total 69632K, used 48337K [0x0000000084400000, 0x0000000088800000, 0x00000000d6c00000)
  object space 69632K, 69% used [0x0000000084400000,0x00000000873345f0,0x0000000088800000)
 Metaspace       used 28586K, capacity 28954K, committed 29184K, reserved 1075200K
  class space    used 3368K, capacity 3494K, committed 3584K, reserved 1048576K
Event: 2159.806 GC heap after
Heap after GC invocations=33 (full 1):
 PSYoungGen      total 109056K, used 12617K [0x00000000d6c00000, 0x00000000dea80000, 0x0000000100000000)
  eden space 93696K, 0% used [0x00000000d6c00000,0x00000000d6c00000,0x00000000dc780000)
  from space 15360K, 82% used [0x00000000ddb80000,0x00000000de7d2508,0x00000000dea80000)
  to   space 17920K, 0% used [0x00000000dc780000,0x00000000dc780000,0x00000000dd900000)
 ParOldGen       total 69632K, used 48337K [0x0000000084400000, 0x0000000088800000, 0x00000000d6c00000)
  object space 69632K, 69% used [0x0000000084400000,0x00000000873345f0,0x0000000088800000)
 Metaspace       used 28586K, capacity 28954K, committed 29184K, reserved 1075200K
  class space    used 3368K, capacity 3494K, committed 3584K, reserved 1048576K
}
Event: 2221.595 GC heap before
{Heap before GC invocations=34 (full 1):
 PSYoungGen      total 109056K, used 106313K [0x00000000d6c00000, 0x00000000dea80000, 0x0000000100000000)
  eden space 93696K, 100% used [0x00000000d6c00000,0x00000000dc780000,0x00000000dc780000)
  from space 15360K, 82% used [0x00000000ddb80000,0x00000000de7d2508,0x00000000dea80000)
  to   space 17920K, 0% used [0x00000000dc780000,0x00000000dc780000,0x00000000dd900000)
 ParOldGen       total 69632K, used 48337K [0x0000000084400000, 0x0000000088800000, 0x00000000d6c00000)
  object space 69632K, 69% used [0x0000000084400000,0x00000000873345f0,0x0000000088800000)
 Metaspace       used 28586K, capacity 28954K, committed 29184K, reserved 1075200K
  class space    used 3368K, capacity 3494K, committed 3584K, reserved 1048576K
Event: 2221.664 GC heap after
Heap after GC invocations=34 (full 1):
 PSYoungGen      total 104960K, used 13423K [0x00000000d6c00000, 0x00000000de900000, 0x0000000100000000)
  eden space 91136K, 0% used [0x00000000d6c00000,0x00000000d6c00000,0x00000000dc500000)
  from space 13824K, 97% used [0x00000000dc780000,0x00000000dd49bea8,0x00000000dd500000)
  to   space 18432K, 0% used [0x00000000dd700000,0x00000000dd700000,0x00000000de900000)
 ParOldGen       total 69632K, used 48337K [0x0000000084400000, 0x0000000088800000, 0x00000000d6c00000)
  object space 69632K, 69% used [0x0000000084400000,0x00000000873345f0,0x0000000088800000)
 Metaspace       used 28586K, capacity 28954K, committed 29184K, reserved 1075200K
  class space    used 3368K, capacity 3494K, committed 3584K, reserved 1048576K
}

Deoptimization events (10 events):
Event: 247.581 Thread 0x00007f30143db800 Uncommon trap: reason=unstable_if action=reinterpret pc=0x00007f3005d6042c method=sun.font.FileFontStrike.getCachedGlyphPtrInternal(I)J @ 99
Event: 247.594 Thread 0x00007f30145b0000 Uncommon trap: reason=unstable_if action=reinterpret pc=0x00007f3005ead2d8 method=javax.swing.text.AbstractDocument.insertUpdate(Ljavax/swing/text/AbstractDocument$DefaultDocumentEvent;Ljavax/swing/text/AttributeSet;)V @ 50
Event: 247.609 Thread 0x00007f30143db800 Uncommon trap: reason=unstable_if action=reinterpret pc=0x00007f3005efd95c method=sun.font.CompositeGlyphMapper.charsToGlyphsNS(I[C[I)Z @ 19
Event: 247.759 Thread 0x00007f30143db800 Uncommon trap: reason=unstable_if action=reinterpret pc=0x00007f3005d4ad0c method=sun.font.CompositeGlyphMapper.charsToGlyphsNS(I[C[I)Z @ 19
Event: 1799.868 Thread 0x00007f30145b0000 Uncommon trap: reason=unstable_if action=reinterpret pc=0x00007f3005b0bc90 method=java.util.concurrent.locks.ReentrantLock$Sync.nonfairTryAcquire(I)Z @ 19
Event: 1803.218 Thread 0x00007f2fb0067000 Uncommon trap: reason=unstable_if action=reinterpret pc=0x00007f3005c5fed0 method=com.atlauncher.utils.Utils.prepareMessageForMinecraftLog(Ljava/lang/String;)[Ljava/lang/Object; @ 528
Event: 2246.836 Thread 0x00007f30143db800 Uncommon trap: reason=unstable_if action=reinterpret pc=0x00007f3005b2b1e0 method=java.awt.EventQueue.getAccessControlContextFrom(Ljava/lang/Object;)Ljava/security/AccessControlContext; @ 38
Event: 2249.334 Thread 0x00007f3014364000 Uncommon trap: reason=unstable_if action=reinterpret pc=0x00007f3005337038 method=java.awt.EventQueue.getPriority(Ljava/awt/AWTEvent;)I @ 71
Event: 2249.348 Thread 0x00007f30143db800 Uncommon trap: reason=speculate_class_check action=maybe_recompile pc=0x00007f3005d6fbe4 method=java.util.HashMap.removeNode(ILjava/lang/Object;Ljava/lang/Object;ZZ)Ljava/util/HashMap$Node; @ 283
Event: 2249.349 Thread 0x00007f30143db800 Uncommon trap: reason=unstable_if action=reinterpret pc=0x00007f3005ea3c4c method=java.awt.Component.areBoundsValid()Z @ 6

Classes redefined (0 events):
No events

Internal exceptions (10 events):
Event: 3.589 Thread 0x00007f301400a800 Implicit null exception at 0x00007f30059c07b0 to 0x00007f30059c2b71
Event: 3.756 Thread 0x00007f30148cc000 Exception <a 'java/net/UnknownHostException'> (0x00000000d81db7e0) thrown at [/build/openjdk-8-wnL82d/openjdk-8-8u171-b11/src/hotspot/src/share/vm/prims/jni.cpp, line 709]
Event: 4.061 Thread 0x00007f30143db800 Exception <a 'java/lang/UnsupportedOperationException': > (0x00000000d866a928) thrown at [/build/openjdk-8-wnL82d/openjdk-8-8u171-b11/src/hotspot/src/share/vm/prims/jni.cpp, line 735]
Event: 14.911 Thread 0x00007f2fb003b800 Exception <a 'java/net/UnknownHostException'> (0x00000000d94a4db0) thrown at [/build/openjdk-8-wnL82d/openjdk-8-8u171-b11/src/hotspot/src/share/vm/prims/jni.cpp, line 709]
Event: 15.132 Thread 0x00007f30143db800 Exception <a 'java/lang/UnsupportedOperationException': > (0x00000000d6e8b0a0) thrown at [/build/openjdk-8-wnL82d/openjdk-8-8u171-b11/src/hotspot/src/share/vm/prims/jni.cpp, line 735]
Event: 29.175 Thread 0x00007f30143db800 Exception <a 'java/lang/UnsupportedOperationException': > (0x00000000d75b1cb0) thrown at [/build/openjdk-8-wnL82d/openjdk-8-8u171-b11/src/hotspot/src/share/vm/prims/jni.cpp, line 735]
Event: 37.353 Thread 0x00007f2fb003b800 Exception <a 'java/net/UnknownHostException'> (0x00000000d7869f38) thrown at [/build/openjdk-8-wnL82d/openjdk-8-8u171-b11/src/hotspot/src/share/vm/prims/jni.cpp, line 709]
Event: 193.216 Thread 0x00007f30143db800 Implicit null exception at 0x00007f3005fdc90f to 0x00007f3005fdfaf1
Event: 247.581 Thread 0x00007f30143db800 Implicit null exception at 0x00007f3005d602b5 to 0x00007f3005d60415
Event: 2249.349 Thread 0x00007f30143db800 Implicit null exception at 0x00007f3005ea3668 to 0x00007f3005ea3c39

Events (10 events):
Event: 2254.183 Thread 0x00007f2fa0001000 Thread exited: 0x00007f2fa0001000
Event: 2254.183 loading class javax/servlet/ServletContext done
Event: 2254.183 loading class java/util/WeakHashMap$KeyIterator done
Event: 2254.183 Thread 0x00007f2fa0002000 Thread exited: 0x00007f2fa0002000
Event: 2254.183 loading class java/util/concurrent/ConcurrentHashMap$EntryIterator
Event: 2254.245 loading class java/util/concurrent/ConcurrentHashMap$EntryIterator done
Event: 2254.245 loading class java/util/concurrent/ConcurrentHashMap$MapEntry
Event: 2254.283 loading class java/util/concurrent/ConcurrentHashMap$MapEntry done
Event: 2254.283 Thread 0x00007f2fa0006800 Thread exited: 0x00007f2fa0006800
Event: 2254.283 Executing VM operation: Exit


Dynamic libraries:
00400000-00401000 r-xp 00000000 08:06 3030487                            /usr/lib/jvm/java-8-openjdk-amd64/jre/bin/java
00600000-00601000 r--p 00000000 08:06 3030487                            /usr/lib/jvm/java-8-openjdk-amd64/jre/bin/java
00601000-00602000 rw-p 00001000 08:06 3030487                            /usr/lib/jvm/java-8-openjdk-amd64/jre/bin/java
0243e000-024a8000 rw-p 00000000 00:00 0                                  [heap]
84400000-88800000 rw-p 00000000 00:00 0 
88800000-d6c00000 ---p 00000000 00:00 0 
d6c00000-de900000 rw-p 00000000 00:00 0 
de900000-100000000 ---p 00000000 00:00 0 
100000000-100380000 rw-p 00000000 00:00 0 
100380000-140000000 ---p 00000000 00:00 0 
7f2f78000000-7f2f78021000 rw-p 00000000 00:00 0 
7f2f78021000-7f2f7c000000 ---p 00000000 00:00 0 
7f2f80000000-7f2f80021000 rw-p 00000000 00:00 0 
7f2f80021000-7f2f84000000 ---p 00000000 00:00 0 
7f2f84000000-7f2f84021000 rw-p 00000000 00:00 0 
7f2f84021000-7f2f88000000 ---p 00000000 00:00 0 
7f2f88000000-7f2f88021000 rw-p 00000000 00:00 0 
7f2f88021000-7f2f8c000000 ---p 00000000 00:00 0 
7f2f8fa17000-7f2f8fa1a000 ---p 00000000 00:00 0 
7f2f8fa1a000-7f2f8fb18000 rw-p 00000000 00:00 0 
7f2f8fb18000-7f2f8fb1b000 ---p 00000000 00:00 0 
7f2f8fb1b000-7f2f8fc19000 rw-p 00000000 00:00 0 
7f2f8fc19000-7f2f8fc1c000 ---p 00000000 00:00 0 
7f2f8fc1c000-7f2f8fd1a000 rw-p 00000000 00:00 0 
7f2f8fd1a000-7f2f8fdff000 r-xp 00000000 08:06 3035956                    /usr/lib/jvm/java-8-openjdk-amd64/jre/lib/amd64/libmlib_image.so
7f2f8fdff000-7f2f8fffe000 ---p 000e5000 08:06 3035956                    /usr/lib/jvm/java-8-openjdk-amd64/jre/lib/amd64/libmlib_image.so
7f2f8fffe000-7f2f8ffff000 r--p 000e4000 08:06 3035956                    /usr/lib/jvm/java-8-openjdk-amd64/jre/lib/amd64/libmlib_image.so
7f2f8ffff000-7f2f90000000 rw-p 000e5000 08:06 3035956                    /usr/lib/jvm/java-8-openjdk-amd64/jre/lib/amd64/libmlib_image.so
7f2f90000000-7f2f90021000 rw-p 00000000 00:00 0 
7f2f90021000-7f2f94000000 ---p 00000000 00:00 0 
7f2f94000000-7f2f94021000 rw-p 00000000 00:00 0 
7f2f94021000-7f2f98000000 ---p 00000000 00:00 0 
7f2f98000000-7f2f98021000 rw-p 00000000 00:00 0 
7f2f98021000-7f2f9c000000 ---p 00000000 00:00 0 
7f2f9c000000-7f2f9c038000 rw-p 00000000 00:00 0 
7f2f9c038000-7f2fa0000000 ---p 00000000 00:00 0 
7f2fa0000000-7f2fa0021000 rw-p 00000000 00:00 0 
7f2fa0021000-7f2fa4000000 ---p 00000000 00:00 0 
7f2fa4000000-7f2fa4061000 rw-p 00000000 00:00 0 
7f2fa4061000-7f2fa8000000 ---p 00000000 00:00 0 
7f2fa8000000-7f2fa8021000 rw-p 00000000 00:00 0 
7f2fa8021000-7f2fac000000 ---p 00000000 00:00 0 
7f2fac000000-7f2fac021000 rw-p 00000000 00:00 0 
7f2fac021000-7f2fb0000000 ---p 00000000 00:00 0 
7f2fb0000000-7f2fb00a2000 rw-p 00000000 00:00 0 
7f2fb00a2000-7f2fb4000000 ---p 00000000 00:00 0 
7f2fb4000000-7f2fb420c000 rw-p 00000000 00:00 0 
7f2fb420c000-7f2fb8000000 ---p 00000000 00:00 0 
7f2fb8000000-7f2fb8021000 rw-p 00000000 00:00 0 
7f2fb8021000-7f2fbc000000 ---p 00000000 00:00 0 
7f2fbc000000-7f2fbc021000 rw-p 00000000 00:00 0 
7f2fbc021000-7f2fc0000000 ---p 00000000 00:00 0 
7f2fc0000000-7f2fc0021000 rw-p 00000000 00:00 0 
7f2fc0021000-7f2fc4000000 ---p 00000000 00:00 0 
7f2fc40d8000-7f2fc4218000 rw-p 00000000 00:00 0 
7f2fc4218000-7f2fc42d8000 ---p 00000000 00:00 0 
7f2fc42d8000-7f2fc44d8000 rw-p 00000000 00:00 0 
7f2fc44d8000-7f2fc46d8000 rw-p 00000000 00:00 0 
7f2fc46d8000-7f2fc46db000 ---p 00000000 00:00 0 
7f2fc46db000-7f2fc47d9000 rw-p 00000000 00:00 0 
7f2fc47d9000-7f2fc47dc000 ---p 00000000 00:00 0 
7f2fc47dc000-7f2fc48da000 rw-p 00000000 00:00 0 
7f2fc48da000-7f2fc48dd000 ---p 00000000 00:00 0 
7f2fc48dd000-7f2fc49db000 rw-p 00000000 00:00 0 
7f2fc49db000-7f2fc49de000 ---p 00000000 00:00 0 
7f2fc49de000-7f2fc4adc000 rw-p 00000000 00:00 0 
7f2fc4adc000-7f2fc4adf000 ---p 00000000 00:00 0 
7f2fc4adf000-7f2fc4bdd000 rw-p 00000000 00:00 0 
7f2fc4bdd000-7f2fc4bf4000 r-xp 00000000 08:06 6295804                    /lib/x86_64-linux-gnu/libresolv-2.23.so
7f2fc4bf4000-7f2fc4df4000 ---p 00017000 08:06 6295804                    /lib/x86_64-linux-gnu/libresolv-2.23.so
7f2fc4df4000-7f2fc4df5000 r--p 00017000 08:06 6295804                    /lib/x86_64-linux-gnu/libresolv-2.23.so
7f2fc4df5000-7f2fc4df6000 rw-p 00018000 08:06 6295804                    /lib/x86_64-linux-gnu/libresolv-2.23.so
7f2fc4df6000-7f2fc4df8000 rw-p 00000000 00:00 0 
7f2fc4df8000-7f2fc4dfd000 r-xp 00000000 08:06 6295810                    /lib/x86_64-linux-gnu/libnss_dns-2.23.so
7f2fc4dfd000-7f2fc4ffd000 ---p 00005000 08:06 6295810                    /lib/x86_64-linux-gnu/libnss_dns-2.23.so
7f2fc4ffd000-7f2fc4ffe000 r--p 00005000 08:06 6295810                    /lib/x86_64-linux-gnu/libnss_dns-2.23.so
7f2fc4ffe000-7f2fc4fff000 rw-p 00006000 08:06 6295810                    /lib/x86_64-linux-gnu/libnss_dns-2.23.so
7f2fc4fff000-7f2fc8000000 rw-p 00000000 00:00 0 
7f2fc8000000-7f2fc8021000 rw-p 00000000 00:00 0 
7f2fc8021000-7f2fcc000000 ---p 00000000 00:00 0 
7f2fcc000000-7f2fcc021000 rw-p 00000000 00:00 0 
7f2fcc021000-7f2fd0000000 ---p 00000000 00:00 0 
7f2fd0000000-7f2fd1294000 rw-p 00000000 00:00 0 
7f2fd1294000-7f2fd4000000 ---p 00000000 00:00 0 
7f2fd4000000-7f2fd4cc0000 rw-p 00000000 00:00 0 
7f2fd4cc0000-7f2fd8000000 ---p 00000000 00:00 0 
7f2fd8000000-7f2fd8021000 rw-p 00000000 00:00 0 
7f2fd8021000-7f2fdc000000 ---p 00000000 00:00 0 
7f2fdc000000-7f2fdd270000 rw-p 00000000 00:00 0 
7f2fdd270000-7f2fe0000000 ---p 00000000 00:00 0 
7f2fe0000000-7f2fe0021000 rw-p 00000000 00:00 0 
7f2fe0021000-7f2fe4000000 ---p 00000000 00:00 0 
7f2fe4000000-7f2fe4021000 rw-p 00000000 00:00 0 
7f2fe4021000-7f2fe8000000 ---p 00000000 00:00 0 
7f2fe80e8000-7f2fe80eb000 ---p 00000000 00:00 0 
7f2fe80eb000-7f2fe81e9000 rw-p 00000000 00:00 0 
7f2fe81e9000-7f2fe81eb000 r-xp 00000000 08:06 6296070                    /lib/x86_64-linux-gnu/libnss_mdns4_minimal.so.2
7f2fe81eb000-7f2fe83ea000 ---p 00002000 08:06 6296070                    /lib/x86_64-linux-gnu/libnss_mdns4_minimal.so.2
7f2fe83ea000-7f2fe83eb000 r--p 00001000 08:06 6296070                    /lib/x86_64-linux-gnu/libnss_mdns4_minimal.so.2
7f2fe83eb000-7f2fe83ec000 rw-p 00002000 08:06 6296070                    /lib/x86_64-linux-gnu/libnss_mdns4_minimal.so.2
7f2fe83ec000-7f2fe83f5000 r-xp 00000000 08:06 3036730                    /usr/lib/jvm/java-8-openjdk-amd64/jre/lib/amd64/libmanagement.so
7f2fe83f5000-7f2fe85f4000 ---p 00009000 08:06 3036730                    /usr/lib/jvm/java-8-openjdk-amd64/jre/lib/amd64/libmanagement.so
7f2fe85f4000-7f2fe85f5000 r--p 00008000 08:06 3036730                    /usr/lib/jvm/java-8-openjdk-amd64/jre/lib/amd64/libmanagement.so
7f2fe85f5000-7f2fe85f6000 rw-p 00009000 08:06 3036730                    /usr/lib/jvm/java-8-openjdk-amd64/jre/lib/amd64/libmanagement.so
7f2fe85f6000-7f2fe85f9000 ---p 00000000 00:00 0 
7f2fe85f9000-7f2fe88f7000 rw-p 00000000 00:00 0 
7f2fe89cb000-7f2fe89ce000 ---p 00000000 00:00 0 
7f2fe89ce000-7f2fe8acc000 rw-p 00000000 00:00 0 
7f2fe8acc000-7f2fe8acf000 ---p 00000000 00:00 0 
7f2fe8acf000-7f2fe8bcd000 rw-p 00000000 00:00 0 
7f2fe8c6f000-7f2fe8c72000 ---p 00000000 00:00 0 
7f2fe8c72000-7f2fe8d70000 rw-p 00000000 00:00 0 
7f2fe8d77000-7f2fe8d9f000 r-xp 00000000 08:06 3035952                    /usr/lib/jvm/java-8-openjdk-amd64/jre/lib/amd64/libsunec.so
7f2fe8d9f000-7f2fe8f9f000 ---p 00028000 08:06 3035952                    /usr/lib/jvm/java-8-openjdk-amd64/jre/lib/amd64/libsunec.so
7f2fe8f9f000-7f2fe8fa3000 r--p 00028000 08:06 3035952                    /usr/lib/jvm/java-8-openjdk-amd64/jre/lib/amd64/libsunec.so
7f2fe8fa3000-7f2fe8fa4000 rw-p 0002c000 08:06 3035952                    /usr/lib/jvm/java-8-openjdk-amd64/jre/lib/amd64/libsunec.so
7f2fe8fa4000-7f2fe91a4000 rw-p 00000000 00:00 0 
7f2fe91a4000-7f2fe93a4000 rw-p 00000000 00:00 0 
7f2fe93a4000-7f2fe93af000 r--s 00000000 08:06 14812414                   /var/cache/fontconfig/945677eb7aeaf62f1d50efc3fb3ec7d8-le64.cache-6
7f2fe93af000-7f2fe93b5000 r--s 00000000 08:06 14812381                   /var/cache/fontconfig/2cd17615ca594fa2959ae173292e504c-le64.cache-6
7f2fe93b5000-7f2fe93ca000 r--s 00000000 08:06 14812352                   /var/cache/fontconfig/04aabc0a78ac019cf9454389977116d2-le64.cache-6
7f2fe93ca000-7f2fe9405000 r--s 00000000 08:06 14811544                   /var/cache/fontconfig/365b55f210c0a22e9a19e35191240f32-le64.cache-6
7f2fe9406000-7f2fe9409000 r--s 00018000 08:06 14161297                   /home/laurencewarne/Documents/games/atLauncher/Configs/Libraries/Launcher/log4j-api-2.0-beta9.jar
7f2fe9409000-7f2fe940c000 r--s 0000d000 08:06 14161298                   /home/laurencewarne/Documents/games/atLauncher/Configs/Libraries/Launcher/authlib-1.5.17.jar
7f2fe94e5000-7f2fe9517000 rw-s 00000000 00:05 13795360                   /SYSV00000000 (deleted)
7f2fe9517000-7f2fe951b000 r--s 00000000 08:06 14816404                   /var/cache/fontconfig/6aa41aa22e18b8fa06a12da28ea9c28b-le64.cache-6
7f2fe951b000-7f2fe9526000 r--s 00000000 08:06 14812414                   /var/cache/fontconfig/945677eb7aeaf62f1d50efc3fb3ec7d8-le64.cache-6
7f2fe9526000-7f2fe952c000 r--s 00000000 08:06 14812381                   /var/cache/fontconfig/2cd17615ca594fa2959ae173292e504c-le64.cache-6
7f2fe952c000-7f2fe952d000 r--s 00000000 08:06 14812380                   /var/cache/fontconfig/0d8c3b2ac0904cb8a57a757ad11a4a08-le64.cache-6
7f2fe952d000-7f2fe9542000 r--s 00000000 08:06 14812352                   /var/cache/fontconfig/04aabc0a78ac019cf9454389977116d2-le64.cache-6
7f2fe9542000-7f2fe9543000 r--s 00000000 08:06 14812349                   /var/cache/fontconfig/1ac9eb803944fde146138c791f5cc56a-le64.cache-6
7f2fe9543000-7f2fe9547000 r--s 00000000 08:06 14812347                   /var/cache/fontconfig/385c0604a188198f04d133e54aba7fe7-le64.cache-6
7f2fe9547000-7f2fe9548000 r--s 00000000 08:06 14812312                   /var/cache/fontconfig/dc05db6664285cc2f12bf69c139ae4c3-le64.cache-6
7f2fe9548000-7f2fe954b000 r--s 00000000 08:06 14812116                   /var/cache/fontconfig/767a8244fc0220cfb567a839d0392e0b-le64.cache-6
7f2fe954b000-7f2fe954c000 r--s 00000000 08:06 14816194                   /var/cache/fontconfig/4794a0821666d79190d59a36cb4f44b5-le64.cache-6
7f2fe954c000-7f2fe9551000 r--s 00000000 08:06 14812288                   /var/cache/fontconfig/8801497958630a81b71ace7c5f9b32a8-le64.cache-6
7f2fe9551000-7f2fe958c000 r--s 00000000 08:06 14811544                   /var/cache/fontconfig/365b55f210c0a22e9a19e35191240f32-le64.cache-6
7f2fe958c000-7f2fe958d000 r--s 00000000 08:06 14812286                   /var/cache/fontconfig/bab58bb527bb656aaa9f116d68a48d89-le64.cache-6
7f2fe958d000-7f2fe9594000 r--s 00000000 08:06 14812285                   /var/cache/fontconfig/3047814df9a2f067bd2d96a2b9c36e5a-le64.cache-6
7f2fe9594000-7f2fe9595000 r--s 00000000 08:06 14812284                   /var/cache/fontconfig/56cf4f4769d0f4abc89a4895d7bd3ae1-le64.cache-6
7f2fe9595000-7f2fe9596000 r--s 00000000 08:06 14812282                   /var/cache/fontconfig/b9d506c9ac06c20b433354fa67a72993-le64.cache-6
7f2fe9596000-7f2fe959c000 r--s 00000000 08:06 14812280                   /var/cache/fontconfig/b47c4e1ecd0709278f4910c18777a504-le64.cache-6
7f2fe959c000-7f2fe95af000 r--s 00000000 08:06 14812276                   /var/cache/fontconfig/d52a8644073d54c13679302ca1180695-le64.cache-6
7f2fe95af000-7f2fe95ba000 r--s 00000000 08:06 14812274                   /var/cache/fontconfig/d589a48862398ed80a3d6066f4f56f4c-le64.cache-6
7f2fe95ba000-7f2fe95c5000 r--s 00000000 08:06 14812098                   /var/cache/fontconfig/83bf95040141907cd45bb53cf7c1c148-le64.cache-6
7f2fe95c5000-7f2fe95d7000 r--s 00000000 08:06 14811227                   /var/cache/fontconfig/9b89f8e3dae116d678bbf48e5f21f69b-le64.cache-6
7f2fe95d7000-7f2fe95e2000 r--s 00000000 08:06 14816391                   /var/cache/fontconfig/e13b20fdb08344e0e664864cc2ede53d-le64.cache-6
7f2fe95e2000-7f2fe95ef000 r--s 00000000 08:06 14812118                   /var/cache/fontconfig/8f02d4cb045bd6ce15663e43f347c9f8-le64.cache-6
7f2fe9600000-7f2fe9607000 r--s 0005e000 08:06 14161302                   /home/laurencewarne/Documents/games/atLauncher/Configs/Libraries/Launcher/commons-lang3-3.3.2.jar
7f2fe9607000-7f2fe9632000 r--s 001f9000 08:06 14161299                   /home/laurencewarne/Documents/games/atLauncher/Configs/Libraries/Launcher/guava-17.0.jar
7f2fe9632000-7f2fe9832000 rw-p 00000000 00:00 0 
7f2fe9832000-7f2fe9833000 r--s 00000000 08:06 14812275                   /var/cache/fontconfig/551ecf3b0e8b0bca0f25c0944f561853-le64.cache-6
7f2fe9833000-7f2fe9834000 r--s 00000000 08:06 14812158                   /var/cache/fontconfig/30829fa25452a46451e813d634d7f916-le64.cache-6
7f2fe9834000-7f2fe9835000 r--s 00000000 08:06 14812157                   /var/cache/fontconfig/0c9eb80ebd1c36541ebe2852d3bb0c49-le64.cache-6
7f2fe9835000-7f2fe9838000 r--s 00000000 08:06 14812155                   /var/cache/fontconfig/75114ca45c98e8a441da0ff356701271-le64.cache-6
7f2fe9838000-7f2fe983c000 r--s 00000000 08:06 14813435                   /var/cache/fontconfig/7ef2298fde41cc6eeb7af42e48b7d293-le64.cache-6
7f2fe983c000-7f2fe983e000 r--s 00000000 08:06 14812178                   /var/cache/fontconfig/16326683038b281783a0ef8c680e3a10-le64.cache-6
7f2fe983e000-7f2fe9859000 r--s 00000000 08:06 13768642                   /home/laurencewarne/.cache/fontconfig/27ac758451ee0a7b9c87e2df94f99276-le64.cache-6
7f2fe985f000-7f2fe9863000 r--s 0002a000 08:06 14161300                   /home/laurencewarne/Documents/games/atLauncher/Configs/Libraries/Launcher/commons-io-2.4.jar
7f2fe9863000-7f2fe9871000 r--s 00099000 08:06 14161301                   /home/laurencewarne/Documents/games/atLauncher/Configs/Libraries/Launcher/log4j-core-2.0-beta9.jar
7f2fe9871000-7f2fe9a71000 rw-p 00000000 00:00 0 
7f2fe9a71000-7f2fe9a74000 ---p 00000000 00:00 0 
7f2fe9a74000-7f2fe9b72000 rw-p 00000000 00:00 0 
7f2fe9b72000-7f2fe9b75000 ---p 00000000 00:00 0 
7f2fe9b75000-7f2fe9e73000 rw-p 00000000 00:00 0 
7f2fe9e73000-7f2fe9e76000 ---p 00000000 00:00 0 
7f2fe9e76000-7f2fe9f74000 rw-p 00000000 00:00 0 
7f2fe9f74000-7f2fe9f79000 r-xp 00000000 08:06 3022656                    /usr/lib/x86_64-linux-gnu/libXfixes.so.3.1.0
7f2fe9f79000-7f2fea178000 ---p 00005000 08:06 3022656                    /usr/lib/x86_64-linux-gnu/libXfixes.so.3.1.0
7f2fea178000-7f2fea179000 r--p 00004000 08:06 3022656                    /usr/lib/x86_64-linux-gnu/libXfixes.so.3.1.0
7f2fea179000-7f2fea17a000 rw-p 00005000 08:06 3022656                    /usr/lib/x86_64-linux-gnu/libXfixes.so.3.1.0
7f2fea17a000-7f2fea183000 r-xp 00000000 08:06 3017503                    /usr/lib/x86_64-linux-gnu/libXcursor.so.1.0.2
7f2fea183000-7f2fea382000 ---p 00009000 08:06 3017503                    /usr/lib/x86_64-linux-gnu/libXcursor.so.1.0.2
7f2fea382000-7f2fea383000 r--p 00008000 08:06 3017503                    /usr/lib/x86_64-linux-gnu/libXcursor.so.1.0.2
7f2fea383000-7f2fea384000 rw-p 00009000 08:06 3017503                    /usr/lib/x86_64-linux-gnu/libXcursor.so.1.0.2
7f2fea384000-7f2fea428000 r-xp 00000000 08:06 3017313                    /usr/lib/x86_64-linux-gnu/libfreetype.so.6.12.1
7f2fea428000-7f2fea627000 ---p 000a4000 08:06 3017313                    /usr/lib/x86_64-linux-gnu/libfreetype.so.6.12.1
7f2fea627000-7f2fea62d000 r--p 000a3000 08:06 3017313                    /usr/lib/x86_64-linux-gnu/libfreetype.so.6.12.1
7f2fea62d000-7f2fea62e000 rw-p 000a9000 08:06 3017313                    /usr/lib/x86_64-linux-gnu/libfreetype.so.6.12.1
7f2fea62e000-7f2fea680000 r-xp 00000000 08:06 3030529                    /usr/lib/jvm/java-8-openjdk-amd64/jre/lib/amd64/libfontmanager.so
7f2fea680000-7f2fea880000 ---p 00052000 08:06 3030529                    /usr/lib/jvm/java-8-openjdk-amd64/jre/lib/amd64/libfontmanager.so
7f2fea880000-7f2fea882000 r--p 00052000 08:06 3030529                    /usr/lib/jvm/java-8-openjdk-amd64/jre/lib/amd64/libfontmanager.so
7f2fea882000-7f2fea883000 rw-p 00054000 08:06 3030529                    /usr/lib/jvm/java-8-openjdk-amd64/jre/lib/amd64/libfontmanager.so
7f2fea883000-7f2fea886000 ---p 00000000 00:00 0 
7f2fea886000-7f2fea984000 rw-p 00000000 00:00 0 
7f2fea984000-7f2fea99a000 r-xp 00000000 08:06 3036725                    /usr/lib/jvm/java-8-openjdk-amd64/jre/lib/amd64/libnet.so
7f2fea99a000-7f2feab9a000 ---p 00016000 08:06 3036725                    /usr/lib/jvm/java-8-openjdk-amd64/jre/lib/amd64/libnet.so
7f2feab9a000-7f2feab9b000 r--p 00016000 08:06 3036725                    /usr/lib/jvm/java-8-openjdk-amd64/jre/lib/amd64/libnet.so
7f2feab9b000-7f2feab9c000 rw-p 00017000 08:06 3036725                    /usr/lib/jvm/java-8-openjdk-amd64/jre/lib/amd64/libnet.so
7f2feab9c000-7f2feabad000 r-xp 00000000 08:06 3036731                    /usr/lib/jvm/java-8-openjdk-amd64/jre/lib/amd64/libnio.so
7f2feabad000-7f2feadad000 ---p 00011000 08:06 3036731                    /usr/lib/jvm/java-8-openjdk-amd64/jre/lib/amd64/libnio.so
7f2feadad000-7f2feadae000 r--p 00011000 08:06 3036731                    /usr/lib/jvm/java-8-openjdk-amd64/jre/lib/amd64/libnio.so
7f2feadae000-7f2feadaf000 rw-p 00012000 08:06 3036731                    /usr/lib/jvm/java-8-openjdk-amd64/jre/lib/amd64/libnio.so
7f2feadaf000-7f2feadbe000 r-xp 00000000 08:06 3022662                    /usr/lib/x86_64-linux-gnu/libXi.so.6.1.0
7f2feadbe000-7f2feafbd000 ---p 0000f000 08:06 3022662                    /usr/lib/x86_64-linux-gnu/libXi.so.6.1.0
7f2feafbd000-7f2feafbe000 r--p 0000e000 08:06 3022662                    /usr/lib/x86_64-linux-gnu/libXi.so.6.1.0
7f2feafbe000-7f2feafbf000 rw-p 0000f000 08:06 3022662                    /usr/lib/x86_64-linux-gnu/libXi.so.6.1.0
7f2feafbf000-7f2feafc4000 r-xp 00000000 08:06 3022680                    /usr/lib/x86_64-linux-gnu/libXtst.so.6.1.0
7f2feafc4000-7f2feb1c3000 ---p 00005000 08:06 3022680                    /usr/lib/x86_64-linux-gnu/libXtst.so.6.1.0
7f2feb1c3000-7f2feb1c4000 r--p 00004000 08:06 3022680                    /usr/lib/x86_64-linux-gnu/libXtst.so.6.1.0
7f2feb1c4000-7f2feb1c5000 rw-p 00005000 08:06 3022680                    /usr/lib/x86_64-linux-gnu/libXtst.so.6.1.0
7f2feb1c5000-7f2feb1ce000 r-xp 00000000 08:06 3022674                    /usr/lib/x86_64-linux-gnu/libXrender.so.1.3.0
7f2feb1ce000-7f2feb3cd000 ---p 00009000 08:06 3022674                    /usr/lib/x86_64-linux-gnu/libXrender.so.1.3.0
7f2feb3cd000-7f2feb3ce000 r--p 00008000 08:06 3022674                    /usr/lib/x86_64-linux-gnu/libXrender.so.1.3.0
7f2feb3ce000-7f2feb3cf000 rw-p 00009000 08:06 3022674                    /usr/lib/x86_64-linux-gnu/libXrender.so.1.3.0
7f2feb3cf000-7f2feb424000 r-xp 00000000 08:06 3035954                    /usr/lib/jvm/java-8-openjdk-amd64/jre/lib/amd64/libawt_xawt.so
7f2feb424000-7f2feb623000 ---p 00055000 08:06 3035954                    /usr/lib/jvm/java-8-openjdk-amd64/jre/lib/amd64/libawt_xawt.so
7f2feb623000-7f2feb624000 r--p 00054000 08:06 3035954                    /usr/lib/jvm/java-8-openjdk-amd64/jre/lib/amd64/libawt_xawt.so
7f2feb624000-7f2feb627000 rw-p 00055000 08:06 3035954                    /usr/lib/jvm/java-8-openjdk-amd64/jre/lib/amd64/libawt_xawt.so
7f2feb627000-7f2feb628000 rw-p 00000000 00:00 0 
7f2feb628000-7f2feb6c8000 r-xp 00000000 08:06 3035953                    /usr/lib/jvm/java-8-openjdk-amd64/jre/lib/amd64/libawt.so
7f2feb6c8000-7f2feb8c8000 ---p 000a0000 08:06 3035953                    /usr/lib/jvm/java-8-openjdk-amd64/jre/lib/amd64/libawt.so
7f2feb8c8000-7f2feb8c9000 r--p 000a0000 08:06 3035953                    /usr/lib/jvm/java-8-openjdk-amd64/jre/lib/amd64/libawt.so
7f2feb8c9000-7f2feb8d4000 rw-p 000a1000 08:06 3035953                    /usr/lib/jvm/java-8-openjdk-amd64/jre/lib/amd64/libawt.so
7f2feb8d4000-7f2feb8f9000 rw-p 00000000 00:00 0 
7f2feb8f9000-7f2feb8fa000 ---p 00000000 00:00 0 
7f2feb8fa000-7f2feb9fa000 rw-p 00000000 00:00 0 
7f2feb9fa000-7f2feb9fd000 ---p 00000000 00:00 0 
7f2feb9fd000-7f2febafb000 rw-p 00000000 00:00 0 
7f2febafb000-7f2febafe000 ---p 00000000 00:00 0 
7f2febafe000-7f2febbfc000 rw-p 00000000 00:00 0 
7f2febbfc000-7f2febbff000 ---p 00000000 00:00 0 
7f2febbff000-7f2febcfd000 rw-p 00000000 00:00 0 
7f2febcfd000-7f2febd00000 ---p 00000000 00:00 0 
7f2febd00000-7f2febdfe000 rw-p 00000000 00:00 0 
7f2febdfe000-7f2febe01000 ---p 00000000 00:00 0 
7f2febe01000-7f2febeff000 rw-p 00000000 00:00 0 
7f2febeff000-7f2febf02000 ---p 00000000 00:00 0 
7f2febf02000-7f2fec000000 rw-p 00000000 00:00 0 
7f2fec000000-7f2fec022000 rw-p 00000000 00:00 0 
7f2fec022000-7f2ff0000000 ---p 00000000 00:00 0 
7f2ff0000000-7f2ff0021000 rw-p 00000000 00:00 0 
7f2ff0021000-7f2ff4000000 ---p 00000000 00:00 0 
7f2ff4000000-7f2ff4004000 r--s 00000000 08:06 14816404                   /var/cache/fontconfig/6aa41aa22e18b8fa06a12da28ea9c28b-le64.cache-6
7f2ff4004000-7f2ff4005000 r--s 00000000 08:06 14812380                   /var/cache/fontconfig/0d8c3b2ac0904cb8a57a757ad11a4a08-le64.cache-6
7f2ff4005000-7f2ff4006000 r--s 00000000 08:06 14812349                   /var/cache/fontconfig/1ac9eb803944fde146138c791f5cc56a-le64.cache-6
7f2ff4006000-7f2ff400a000 r--s 00000000 08:06 14812347                   /var/cache/fontconfig/385c0604a188198f04d133e54aba7fe7-le64.cache-6
7f2ff400a000-7f2ff400b000 r--s 00000000 08:06 14812312                   /var/cache/fontconfig/dc05db6664285cc2f12bf69c139ae4c3-le64.cache-6
7f2ff400b000-7f2ff400e000 r--s 00000000 08:06 14812116                   /var/cache/fontconfig/767a8244fc0220cfb567a839d0392e0b-le64.cache-6
7f2ff400e000-7f2ff400f000 r--s 00000000 08:06 14816194                   /var/cache/fontconfig/4794a0821666d79190d59a36cb4f44b5-le64.cache-6
7f2ff400f000-7f2ff4014000 r--s 00000000 08:06 14812288                   /var/cache/fontconfig/8801497958630a81b71ace7c5f9b32a8-le64.cache-6
7f2ff4014000-7f2ff4015000 r--s 00000000 08:06 14812286                   /var/cache/fontconfig/bab58bb527bb656aaa9f116d68a48d89-le64.cache-6
7f2ff4015000-7f2ff401c000 r--s 00000000 08:06 14812285                   /var/cache/fontconfig/3047814df9a2f067bd2d96a2b9c36e5a-le64.cache-6
7f2ff401c000-7f2ff401d000 r--s 00000000 08:06 14812284                   /var/cache/fontconfig/56cf4f4769d0f4abc89a4895d7bd3ae1-le64.cache-6
7f2ff401d000-7f2ff401e000 r--s 00000000 08:06 14812282                   /var/cache/fontconfig/b9d506c9ac06c20b433354fa67a72993-le64.cache-6
7f2ff401e000-7f2ff4021000 ---p 00000000 00:00 0 
7f2ff4021000-7f2ff411f000 rw-p 00000000 00:00 0 
7f2ff411f000-7f2ff4120000 ---p 00000000 00:00 0 
7f2ff4120000-7f2ff8000000 rw-p 00000000 00:00 0 
7f2ff8000000-7f2ff8021000 rw-p 00000000 00:00 0 
7f2ff8021000-7f2ffc000000 ---p 00000000 00:00 0 
7f2ffc000000-7f2ffc021000 rw-p 00000000 00:00 0 
7f2ffc021000-7f3000000000 ---p 00000000 00:00 0 
7f3000000000-7f3000021000 rw-p 00000000 00:00 0 
7f3000021000-7f3004000000 ---p 00000000 00:00 0 
7f3004000000-7f3004006000 r--s 00000000 08:06 14812280                   /var/cache/fontconfig/b47c4e1ecd0709278f4910c18777a504-le64.cache-6
7f3004006000-7f3004019000 r--s 00000000 08:06 14812276                   /var/cache/fontconfig/d52a8644073d54c13679302ca1180695-le64.cache-6
7f3004019000-7f300401a000 r--s 00000000 08:06 14812275                   /var/cache/fontconfig/551ecf3b0e8b0bca0f25c0944f561853-le64.cache-6
7f300401a000-7f3004025000 r--s 00000000 08:06 14812274                   /var/cache/fontconfig/d589a48862398ed80a3d6066f4f56f4c-le64.cache-6
7f3004025000-7f3004026000 r--s 00000000 08:06 14812158                   /var/cache/fontconfig/30829fa25452a46451e813d634d7f916-le64.cache-6
7f3004026000-7f3004029000 r--s 00000000 08:06 14812155                   /var/cache/fontconfig/75114ca45c98e8a441da0ff356701271-le64.cache-6
7f3004029000-7f3004034000 r--s 00000000 08:06 14812098                   /var/cache/fontconfig/83bf95040141907cd45bb53cf7c1c148-le64.cache-6
7f3004034000-7f3004046000 r--s 00000000 08:06 14811227                   /var/cache/fontconfig/9b89f8e3dae116d678bbf48e5f21f69b-le64.cache-6
7f3004046000-7f3004051000 r--s 00000000 08:06 14816391                   /var/cache/fontconfig/e13b20fdb08344e0e664864cc2ede53d-le64.cache-6
7f3004051000-7f3004055000 r--s 00000000 08:06 14813435                   /var/cache/fontconfig/7ef2298fde41cc6eeb7af42e48b7d293-le64.cache-6
7f3004055000-7f3004057000 r--s 00000000 08:06 14812178                   /var/cache/fontconfig/16326683038b281783a0ef8c680e3a10-le64.cache-6
7f3004057000-7f3004072000 r--s 00000000 08:06 13768642                   /home/laurencewarne/.cache/fontconfig/27ac758451ee0a7b9c87e2df94f99276-le64.cache-6
7f30040a5000-7f30040a8000 ---p 00000000 00:00 0 
7f30040a8000-7f30040de000 rw-p 00000000 00:00 0 
7f30040de000-7f30040f1000 r--s 00346000 08:06 3030520                    /usr/lib/jvm/java-8-openjdk-amd64/jre/lib/resources.jar
7f30040f1000-7f3005000000 rw-p 00000000 00:00 0 
7f3005000000-7f3006100000 rwxp 00000000 00:00 0 
7f3006100000-7f3014000000 ---p 00000000 00:00 0 
7f3014000000-7f30148f3000 rw-p 00000000 00:00 0 
7f30148f3000-7f3018000000 ---p 00000000 00:00 0 
7f3018000000-7f301800d000 r--s 00000000 08:06 14812118                   /var/cache/fontconfig/8f02d4cb045bd6ce15663e43f347c9f8-le64.cache-6
7f301800d000-7f301800f000 r--s 00016000 08:06 3036742                    /usr/lib/jvm/java-8-openjdk-amd64/jre/lib/jce.jar
7f301800f000-7f3018014000 r--s 0009d000 08:06 3037877                    /usr/lib/jvm/java-8-openjdk-amd64/jre/lib/jsse.jar
7f3018014000-7f3018019000 r--s 002f9000 08:06 3030494                    /usr/lib/jvm/java-8-openjdk-amd64/jre/lib/charsets.jar
7f3018019000-7f3018069000 r--s 0040c000 08:06 14166594                   /home/laurencewarne/Documents/games/atLauncher/ATLauncher.jar
7f3018069000-7f3018084000 r--s 001d6000 08:06 3030516                    /usr/lib/jvm/java-8-openjdk-amd64/jre/lib/ext/nashorn.jar
7f3018084000-7f301808a000 r--s 0003b000 08:06 3030514                    /usr/lib/jvm/java-8-openjdk-amd64/jre/lib/ext/sunjce_provider.jar
7f301808a000-7f30180a5000 r--s 00394000 08:06 3030511                    /usr/lib/jvm/java-8-openjdk-amd64/jre/lib/ext/cldrdata.jar
7f30180a5000-7f3018274000 r--s 03c2f000 08:06 3036747                    /usr/lib/jvm/java-8-openjdk-amd64/jre/lib/rt.jar
7f3018274000-7f3018ec8000 rw-p 00000000 00:00 0 
7f3018ec8000-7f3018ec9000 ---p 00000000 00:00 0 
7f3018ec9000-7f3018fc9000 rw-p 00000000 00:00 0 
7f3018fc9000-7f3018fca000 ---p 00000000 00:00 0 
7f3018fca000-7f30190ca000 rw-p 00000000 00:00 0 
7f30190ca000-7f30190cb000 ---p 00000000 00:00 0 
7f30190cb000-7f30191cb000 rw-p 00000000 00:00 0 
7f30191cb000-7f30191cc000 ---p 00000000 00:00 0 
7f30191cc000-7f30192ee000 rw-p 00000000 00:00 0 
7f30192ee000-7f3019560000 ---p 00000000 00:00 0 
7f3019560000-7f3019582000 rw-p 00000000 00:00 0 
7f3019582000-7f30197f4000 ---p 00000000 00:00 0 
7f30197f4000-7f3019833000 rw-p 00000000 00:00 0 
7f3019833000-7f301993e000 ---p 00000000 00:00 0 
7f301993e000-7f3019983000 rw-p 00000000 00:00 0 
7f3019983000-7f3019cff000 ---p 00000000 00:00 0 
7f3019cff000-7f3019d07000 r-xp 00000000 08:06 3035984                    /usr/lib/jvm/java-8-openjdk-amd64/jre/lib/amd64/libzip.so
7f3019d07000-7f3019f06000 ---p 00008000 08:06 3035984                    /usr/lib/jvm/java-8-openjdk-amd64/jre/lib/amd64/libzip.so
7f3019f06000-7f3019f07000 r--p 00007000 08:06 3035984                    /usr/lib/jvm/java-8-openjdk-amd64/jre/lib/amd64/libzip.so
7f3019f07000-7f3019f08000 rw-p 00008000 08:06 3035984                    /usr/lib/jvm/java-8-openjdk-amd64/jre/lib/amd64/libzip.so
7f3019f08000-7f3019f13000 r-xp 00000000 08:06 6295813                    /lib/x86_64-linux-gnu/libnss_files-2.23.so
7f3019f13000-7f301a112000 ---p 0000b000 08:06 6295813                    /lib/x86_64-linux-gnu/libnss_files-2.23.so
7f301a112000-7f301a113000 r--p 0000a000 08:06 6295813                    /lib/x86_64-linux-gnu/libnss_files-2.23.so
7f301a113000-7f301a114000 rw-p 0000b000 08:06 6295813                    /lib/x86_64-linux-gnu/libnss_files-2.23.so
7f301a114000-7f301a11a000 rw-p 00000000 00:00 0 
7f301a11a000-7f301a125000 r-xp 00000000 08:06 6295817                    /lib/x86_64-linux-gnu/libnss_nis-2.23.so
7f301a125000-7f301a324000 ---p 0000b000 08:06 6295817                    /lib/x86_64-linux-gnu/libnss_nis-2.23.so
7f301a324000-7f301a325000 r--p 0000a000 08:06 6295817                    /lib/x86_64-linux-gnu/libnss_nis-2.23.so
7f301a325000-7f301a326000 rw-p 0000b000 08:06 6295817                    /lib/x86_64-linux-gnu/libnss_nis-2.23.so
7f301a326000-7f301a33c000 r-xp 00000000 08:06 6295797                    /lib/x86_64-linux-gnu/libnsl-2.23.so
7f301a33c000-7f301a53b000 ---p 00016000 08:06 6295797                    /lib/x86_64-linux-gnu/libnsl-2.23.so
7f301a53b000-7f301a53c000 r--p 00015000 08:06 6295797                    /lib/x86_64-linux-gnu/libnsl-2.23.so
7f301a53c000-7f301a53d000 rw-p 00016000 08:06 6295797                    /lib/x86_64-linux-gnu/libnsl-2.23.so
7f301a53d000-7f301a53f000 rw-p 00000000 00:00 0 
7f301a53f000-7f301a547000 r-xp 00000000 08:06 6295808                    /lib/x86_64-linux-gnu/libnss_compat-2.23.so
7f301a547000-7f301a746000 ---p 00008000 08:06 6295808                    /lib/x86_64-linux-gnu/libnss_compat-2.23.so
7f301a746000-7f301a747000 r--p 00007000 08:06 6295808                    /lib/x86_64-linux-gnu/libnss_compat-2.23.so
7f301a747000-7f301a748000 rw-p 00008000 08:06 6295808                    /lib/x86_64-linux-gnu/libnss_compat-2.23.so
7f301a748000-7f301a775000 r-xp 00000000 08:06 3035959                    /usr/lib/jvm/java-8-openjdk-amd64/jre/lib/amd64/libjava.so
7f301a775000-7f301a974000 ---p 0002d000 08:06 3035959                    /usr/lib/jvm/java-8-openjdk-amd64/jre/lib/amd64/libjava.so
7f301a974000-7f301a975000 r--p 0002c000 08:06 3035959                    /usr/lib/jvm/java-8-openjdk-amd64/jre/lib/amd64/libjava.so
7f301a975000-7f301a977000 rw-p 0002d000 08:06 3035959                    /usr/lib/jvm/java-8-openjdk-amd64/jre/lib/amd64/libjava.so
7f301a977000-7f301a986000 r-xp 00000000 08:06 3030521                    /usr/lib/jvm/java-8-openjdk-amd64/jre/lib/amd64/libverify.so
7f301a986000-7f301ab85000 ---p 0000f000 08:06 3030521                    /usr/lib/jvm/java-8-openjdk-amd64/jre/lib/amd64/libverify.so
7f301ab85000-7f301ab87000 r--p 0000e000 08:06 3030521                    /usr/lib/jvm/java-8-openjdk-amd64/jre/lib/amd64/libverify.so
7f301ab87000-7f301ab88000 rw-p 00010000 08:06 3030521                    /usr/lib/jvm/java-8-openjdk-amd64/jre/lib/amd64/libverify.so
7f301ab88000-7f301ab8f000 r-xp 00000000 08:06 6295818                    /lib/x86_64-linux-gnu/librt-2.23.so
7f301ab8f000-7f301ad8e000 ---p 00007000 08:06 6295818                    /lib/x86_64-linux-gnu/librt-2.23.so
7f301ad8e000-7f301ad8f000 r--p 00006000 08:06 6295818                    /lib/x86_64-linux-gnu/librt-2.23.so
7f301ad8f000-7f301ad90000 rw-p 00007000 08:06 6295818                    /lib/x86_64-linux-gnu/librt-2.23.so
7f301ad90000-7f301b068000 r--p 00000000 08:06 3016145                    /usr/lib/locale/locale-archive
7f301b068000-7f301b06d000 r-xp 00000000 08:06 3022652                    /usr/lib/x86_64-linux-gnu/libXdmcp.so.6.0.0
7f301b06d000-7f301b26c000 ---p 00005000 08:06 3022652                    /usr/lib/x86_64-linux-gnu/libXdmcp.so.6.0.0
7f301b26c000-7f301b26d000 r--p 00004000 08:06 3022652                    /usr/lib/x86_64-linux-gnu/libXdmcp.so.6.0.0
7f301b26d000-7f301b26e000 rw-p 00005000 08:06 3022652                    /usr/lib/x86_64-linux-gnu/libXdmcp.so.6.0.0
7f301b26e000-7f301b270000 r-xp 00000000 08:06 3022641                    /usr/lib/x86_64-linux-gnu/libXau.so.6.0.0
7f301b270000-7f301b470000 ---p 00002000 08:06 3022641                    /usr/lib/x86_64-linux-gnu/libXau.so.6.0.0
7f301b470000-7f301b471000 r--p 00002000 08:06 3022641                    /usr/lib/x86_64-linux-gnu/libXau.so.6.0.0
7f301b471000-7f301b472000 rw-p 00003000 08:06 3022641                    /usr/lib/x86_64-linux-gnu/libXau.so.6.0.0
7f301b472000-7f301b493000 r-xp 00000000 08:06 3024019                    /usr/lib/x86_64-linux-gnu/libxcb.so.1.1.0
7f301b493000-7f301b692000 ---p 00021000 08:06 3024019                    /usr/lib/x86_64-linux-gnu/libxcb.so.1.1.0
7f301b692000-7f301b693000 r--p 00020000 08:06 3024019                    /usr/lib/x86_64-linux-gnu/libxcb.so.1.1.0
7f301b693000-7f301b694000 rw-p 00021000 08:06 3024019                    /usr/lib/x86_64-linux-gnu/libxcb.so.1.1.0
7f301b694000-7f301b6b8000 r-xp 00000000 08:06 6296106                    /lib/x86_64-linux-gnu/libpng12.so.0.54.0
7f301b6b8000-7f301b8b7000 ---p 00024000 08:06 6296106                    /lib/x86_64-linux-gnu/libpng12.so.0.54.0
7f301b8b7000-7f301b8b8000 r--p 00023000 08:06 6296106                    /lib/x86_64-linux-gnu/libpng12.so.0.54.0
7f301b8b8000-7f301b8b9000 rw-p 00024000 08:06 6296106                    /lib/x86_64-linux-gnu/libpng12.so.0.54.0
7f301b8b9000-7f301b910000 r-xp 00000000 08:06 3023374                    /usr/lib/x86_64-linux-gnu/libjpeg.so.8.0.2
7f301b910000-7f301bb10000 ---p 00057000 08:06 3023374                    /usr/lib/x86_64-linux-gnu/libjpeg.so.8.0.2
7f301bb10000-7f301bb11000 r--p 00057000 08:06 3023374                    /usr/lib/x86_64-linux-gnu/libjpeg.so.8.0.2
7f301bb11000-7f301bb12000 rw-p 00058000 08:06 3023374                    /usr/lib/x86_64-linux-gnu/libjpeg.so.8.0.2
7f301bb12000-7f301bb1a000 r-xp 00000000 08:06 3027226                    /usr/lib/x86_64-linux-gnu/libgif.so.7.0.0
7f301bb1a000-7f301bd19000 ---p 00008000 08:06 3027226                    /usr/lib/x86_64-linux-gnu/libgif.so.7.0.0
7f301bd19000-7f301bd1a000 r--p 00007000 08:06 3027226                    /usr/lib/x86_64-linux-gnu/libgif.so.7.0.0
7f301bd1a000-7f301bd1b000 rw-p 00008000 08:06 3027226                    /usr/lib/x86_64-linux-gnu/libgif.so.7.0.0
7f301bd1b000-7f301bd2c000 r-xp 00000000 08:06 3022654                    /usr/lib/x86_64-linux-gnu/libXext.so.6.4.0
7f301bd2c000-7f301bf2b000 ---p 00011000 08:06 3022654                    /usr/lib/x86_64-linux-gnu/libXext.so.6.4.0
7f301bf2b000-7f301bf2c000 r--p 00010000 08:06 3022654                    /usr/lib/x86_64-linux-gnu/libXext.so.6.4.0
7f301bf2c000-7f301bf2d000 rw-p 00011000 08:06 3022654                    /usr/lib/x86_64-linux-gnu/libXext.so.6.4.0
7f301bf2d000-7f301c062000 r-xp 00000000 08:06 3022637                    /usr/lib/x86_64-linux-gnu/libX11.so.6.3.0
7f301c062000-7f301c262000 ---p 00135000 08:06 3022637                    /usr/lib/x86_64-linux-gnu/libX11.so.6.3.0
7f301c262000-7f301c263000 r--p 00135000 08:06 3022637                    /usr/lib/x86_64-linux-gnu/libX11.so.6.3.0
7f301c263000-7f301c267000 rw-p 00136000 08:06 3022637                    /usr/lib/x86_64-linux-gnu/libX11.so.6.3.0
7f301c267000-7f301c271000 r-xp 00000000 08:06 3017285                    /usr/lib/jvm/java-8-openjdk-amd64/jre/lib/amd64/libsplashscreen.so
7f301c271000-7f301c470000 ---p 0000a000 08:06 3017285                    /usr/lib/jvm/java-8-openjdk-amd64/jre/lib/amd64/libsplashscreen.so
7f301c470000-7f301c471000 r--p 00009000 08:06 3017285                    /usr/lib/jvm/java-8-openjdk-amd64/jre/lib/amd64/libsplashscreen.so
7f301c471000-7f301c472000 rw-p 0000a000 08:06 3017285                    /usr/lib/jvm/java-8-openjdk-amd64/jre/lib/amd64/libsplashscreen.so
7f301c472000-7f301c475000 rw-p 00000000 00:00 0 
7f301c475000-7f301c48b000 r-xp 00000000 08:06 6296003                    /lib/x86_64-linux-gnu/libgcc_s.so.1
7f301c48b000-7f301c68a000 ---p 00016000 08:06 6296003                    /lib/x86_64-linux-gnu/libgcc_s.so.1
7f301c68a000-7f301c68b000 rw-p 00015000 08:06 6296003                    /lib/x86_64-linux-gnu/libgcc_s.so.1
7f301c68b000-7f301c793000 r-xp 00000000 08:06 6295795                    /lib/x86_64-linux-gnu/libm-2.23.so
7f301c793000-7f301c992000 ---p 00108000 08:06 6295795                    /lib/x86_64-linux-gnu/libm-2.23.so
7f301c992000-7f301c993000 r--p 00107000 08:06 6295795                    /lib/x86_64-linux-gnu/libm-2.23.so
7f301c993000-7f301c994000 rw-p 00108000 08:06 6295795                    /lib/x86_64-linux-gnu/libm-2.23.so
7f301c994000-7f301cb06000 r-xp 00000000 08:06 3031710                    /usr/lib/x86_64-linux-gnu/libstdc++.so.6.0.21
7f301cb06000-7f301cd06000 ---p 00172000 08:06 3031710                    /usr/lib/x86_64-linux-gnu/libstdc++.so.6.0.21
7f301cd06000-7f301cd10000 r--p 00172000 08:06 3031710                    /usr/lib/x86_64-linux-gnu/libstdc++.so.6.0.21
7f301cd10000-7f301cd12000 rw-p 0017c000 08:06 3031710                    /usr/lib/x86_64-linux-gnu/libstdc++.so.6.0.21
7f301cd12000-7f301cd16000 rw-p 00000000 00:00 0 
7f301cd16000-7f301d96f000 r-xp 00000000 08:06 3035989                    /usr/lib/jvm/java-8-openjdk-amd64/jre/lib/amd64/server/libjvm.so
7f301d96f000-7f301db6f000 ---p 00c59000 08:06 3035989                    /usr/lib/jvm/java-8-openjdk-amd64/jre/lib/amd64/server/libjvm.so
7f301db6f000-7f301dc02000 r--p 00c59000 08:06 3035989                    /usr/lib/jvm/java-8-openjdk-amd64/jre/lib/amd64/server/libjvm.so
7f301dc02000-7f301dc2b000 rw-p 00cec000 08:06 3035989                    /usr/lib/jvm/java-8-openjdk-amd64/jre/lib/amd64/server/libjvm.so
7f301dc2b000-7f301dc5b000 rw-p 00000000 00:00 0 
7f301dc5b000-7f301dc73000 r-xp 00000000 08:06 6295799                    /lib/x86_64-linux-gnu/libpthread-2.23.so
7f301dc73000-7f301de72000 ---p 00018000 08:06 6295799                    /lib/x86_64-linux-gnu/libpthread-2.23.so
7f301de72000-7f301de73000 r--p 00017000 08:06 6295799                    /lib/x86_64-linux-gnu/libpthread-2.23.so
7f301de73000-7f301de74000 rw-p 00018000 08:06 6295799                    /lib/x86_64-linux-gnu/libpthread-2.23.so
7f301de74000-7f301de78000 rw-p 00000000 00:00 0 
7f301de78000-7f301de7b000 r-xp 00000000 08:06 6295802                    /lib/x86_64-linux-gnu/libdl-2.23.so
7f301de7b000-7f301e07a000 ---p 00003000 08:06 6295802                    /lib/x86_64-linux-gnu/libdl-2.23.so
7f301e07a000-7f301e07b000 r--p 00002000 08:06 6295802                    /lib/x86_64-linux-gnu/libdl-2.23.so
7f301e07b000-7f301e07c000 rw-p 00003000 08:06 6295802                    /lib/x86_64-linux-gnu/libdl-2.23.so
7f301e07c000-7f301e095000 r-xp 00000000 08:06 6295869                    /lib/x86_64-linux-gnu/libz.so.1.2.8
7f301e095000-7f301e294000 ---p 00019000 08:06 6295869                    /lib/x86_64-linux-gnu/libz.so.1.2.8
7f301e294000-7f301e295000 r--p 00018000 08:06 6295869                    /lib/x86_64-linux-gnu/libz.so.1.2.8
7f301e295000-7f301e296000 rw-p 00019000 08:06 6295869                    /lib/x86_64-linux-gnu/libz.so.1.2.8
7f301e296000-7f301e456000 r-xp 00000000 08:06 6295800                    /lib/x86_64-linux-gnu/libc-2.23.so
7f301e456000-7f301e656000 ---p 001c0000 08:06 6295800                    /lib/x86_64-linux-gnu/libc-2.23.so
7f301e656000-7f301e65a000 r--p 001c0000 08:06 6295800                    /lib/x86_64-linux-gnu/libc-2.23.so
7f301e65a000-7f301e65c000 rw-p 001c4000 08:06 6295800                    /lib/x86_64-linux-gnu/libc-2.23.so
7f301e65c000-7f301e660000 rw-p 00000000 00:00 0 
7f301e660000-7f301e66d000 r-xp 00000000 08:06 3035986                    /usr/lib/jvm/java-8-openjdk-amd64/jre/lib/amd64/jli/libjli.so
7f301e66d000-7f301e86d000 ---p 0000d000 08:06 3035986                    /usr/lib/jvm/java-8-openjdk-amd64/jre/lib/amd64/jli/libjli.so
7f301e86d000-7f301e86e000 r--p 0000d000 08:06 3035986                    /usr/lib/jvm/java-8-openjdk-amd64/jre/lib/amd64/jli/libjli.so
7f301e86e000-7f301e86f000 rw-p 0000e000 08:06 3035986                    /usr/lib/jvm/java-8-openjdk-amd64/jre/lib/amd64/jli/libjli.so
7f301e86f000-7f301e895000 r-xp 00000000 08:06 6295798                    /lib/x86_64-linux-gnu/ld-2.23.so
7f301e895000-7f301e896000 r--s 00000000 08:06 14812157                   /var/cache/fontconfig/0c9eb80ebd1c36541ebe2852d3bb0c49-le64.cache-6
7f301e896000-7f301e897000 r--p 00000000 08:06 4603930                    /usr/share/locale-langpack/en_GB/LC_MESSAGES/libc.mo
7f301e897000-7f301e967000 rw-p 00000000 00:00 0 
7f301e967000-7f301e96a000 ---p 00000000 00:00 0 
7f301e96a000-7f301ea6c000 rw-p 00000000 00:00 0 
7f301ea6c000-7f301ea6d000 r--s 0000a000 08:06 3030517                    /usr/lib/jvm/java-8-openjdk-amd64/jre/lib/ext/jaccess.jar
7f301ea6d000-7f301ea77000 r--s 00116000 08:06 3030518                    /usr/lib/jvm/java-8-openjdk-amd64/jre/lib/ext/localedata.jar
7f301ea77000-7f301ea79000 r--s 00008000 08:06 3030502                    /usr/lib/jvm/java-8-openjdk-amd64/jre/lib/ext/sunec.jar
7f301ea79000-7f301ea7c000 r--s 00038000 08:06 3030510                    /usr/lib/jvm/java-8-openjdk-amd64/jre/lib/ext/sunpkcs11.jar
7f301ea7c000-7f301ea7f000 r--s 0000f000 08:06 3030515                    /usr/lib/jvm/java-8-openjdk-amd64/jre/lib/ext/icedtea-sound.jar
7f301ea7f000-7f301ea80000 r--s 00010000 08:06 3030503                    /usr/lib/jvm/java-8-openjdk-amd64/jre/lib/ext/zipfs.jar
7f301ea80000-7f301ea82000 r--s 00001000 08:06 3030505                    /usr/lib/jvm/java-8-openjdk-amd64/jre/lib/ext/dnsns.jar
7f301ea82000-7f301ea8a000 rw-s 00000000 08:06 11679839                   /tmp/hsperfdata_laurencewarne/12628 (deleted)
7f301ea8a000-7f301ea8b000 rw-p 00000000 00:00 0 
7f301ea8b000-7f301ea8c000 ---p 00000000 00:00 0 
7f301ea8c000-7f301ea93000 r--s 00000000 08:06 3284259                    /usr/lib/x86_64-linux-gnu/gconv/gconv-modules.cache
7f301ea93000-7f301ea94000 rw-p 00000000 00:00 0 
7f301ea94000-7f301ea95000 r--p 00025000 08:06 6295798                    /lib/x86_64-linux-gnu/ld-2.23.so
7f301ea95000-7f301ea96000 rw-p 00026000 08:06 6295798                    /lib/x86_64-linux-gnu/ld-2.23.so
7f301ea96000-7f301ea97000 rw-p 00000000 00:00 0 
7ffdf4f87000-7ffdf4fa8000 rw-p 00000000 00:00 0                          [stack]
7ffdf4ff6000-7ffdf4ff9000 r--p 00000000 00:00 0                          [vvar]
7ffdf4ff9000-7ffdf4ffb000 r-xp 00000000 00:00 0                          [vdso]
ffffffffff600000-ffffffffff601000 r-xp 00000000 00:00 0                  [vsyscall]

VM Arguments:
java_command: /home/laurencewarne/Documents/games/atLauncher/ATLauncher.jar
java_class_path (initial): /home/laurencewarne/Documents/games/atLauncher/ATLauncher.jar
Launcher Type: SUN_STANDARD

Environment Variables:
PATH=/usr/local/sbin:/usr/local/bin:/usr/sbin:/usr/bin:/sbin:/bin:/usr/games:/usr/local/games:/snap/bin
SHELL=/bin/bash
DISPLAY=:0

Signal Handlers:
SIGSEGV: [libjvm.so+0xa6e6f0], sa_mask[0]=11111111011111111101111111111110, sa_flags=SA_RESTART|SA_SIGINFO
SIGBUS: [libjvm.so+0xa6e6f0], sa_mask[0]=11111111011111111101111111111110, sa_flags=SA_RESTART|SA_SIGINFO
SIGFPE: [libjvm.so+0x8b5d50], sa_mask[0]=11111111011111111101111111111110, sa_flags=SA_RESTART|SA_SIGINFO
SIGPIPE: [libjvm.so+0x8b5d50], sa_mask[0]=11111111011111111101111111111110, sa_flags=SA_RESTART|SA_SIGINFO
SIGXFSZ: [libjvm.so+0x8b5d50], sa_mask[0]=11111111011111111101111111111110, sa_flags=SA_RESTART|SA_SIGINFO
SIGILL: [libjvm.so+0x8b5d50], sa_mask[0]=11111111011111111101111111111110, sa_flags=SA_RESTART|SA_SIGINFO
SIGUSR1: SIG_DFL, sa_mask[0]=00000000000000000000000000000000, sa_flags=none
SIGUSR2: [libjvm.so+0x8b5c00], sa_mask[0]=00000000000000000000000000000000, sa_flags=SA_RESTART|SA_SIGINFO
SIGHUP: [libjvm.so+0x8b60d0], sa_mask[0]=11111111011111111101111111111110, sa_flags=SA_RESTART|SA_SIGINFO
SIGINT: [libjvm.so+0x8b60d0], sa_mask[0]=11111111011111111101111111111110, sa_flags=SA_RESTART|SA_SIGINFO
SIGTERM: [libjvm.so+0x8b60d0], sa_mask[0]=11111111011111111101111111111110, sa_flags=SA_RESTART|SA_SIGINFO
SIGQUIT: [libjvm.so+0x8b60d0], sa_mask[0]=11111111011111111101111111111110, sa_flags=SA_RESTART|SA_SIGINFO


---------------  S Y S T E M  ---------------

OS: